buildp2a/launcher/build/intermediates/manifest_merge_blame_file/debug/manifest-merger-blame-debug-report.txt
1<?xml version="1.0" encoding="utf-8"?>
2<manifest xmlns:android="http://schemas.android.com/apk/res/android"
3    package="com.Duytan.P2A"
4    android:installLocation="preferExternal"
5    android:versionCode="1"
6    android:versionName="0.1" >
7
8    <uses-sdk
9        android:minSdkVersion="22"
9-->src\main\AndroidManifest.xml
10        android:targetSdkVersion="34" />
10-->src\main\AndroidManifest.xml
11
12    <supports-screens
12-->src\main\AndroidManifest.xml:4:3-163
13        android:anyDensity="true"
13-->src\main\AndroidManifest.xml:4:135-160
14        android:largeScreens="true"
14-->src\main\AndroidManifest.xml:4:78-105
15        android:normalScreens="true"
15-->src\main\AndroidManifest.xml:4:49-77
16        android:smallScreens="true"
16-->src\main\AndroidManifest.xml:4:21-48
17        android:xlargeScreens="true" />
17-->src\main\AndroidManifest.xml:4:106-134
18
19    <uses-permission
19-->[:unityLibrary] AndroidManifest.xml:10:5-12:38
20        android:name="android.permission.BLUETOOTH_ADMIN"
20-->[:unityLibrary] AndroidManifest.xml:11:9-58
21        android:maxSdkVersion="30" />
21-->[:unityLibrary] AndroidManifest.xml:12:9-35
22    <uses-permission android:name="android.permission.ACCESS_FINE_LOCATION" />
22-->[:unityLibrary] AndroidManifest.xml:13:5-79
22-->[:unityLibrary] AndroidManifest.xml:13:22-76
23    <uses-permission android:name="android.permission.ACCESS_COARSE_LOCATION" />
23-->[:unityLibrary] AndroidManifest.xml:14:5-81
23-->[:unityLibrary] AndroidManifest.xml:14:22-78
24    <uses-permission android:name="android.permission.BLUETOOTH_CONNECT" />
24-->[:unityLibrary] AndroidManifest.xml:15:5-76
24-->[:unityLibrary] AndroidManifest.xml:15:22-73
25    <uses-permission android:name="android.permission.BLUETOOTH_SCAN" />
25-->[:unityLibrary] AndroidManifest.xml:16:5-73
25-->[:unityLibrary] AndroidManifest.xml:16:22-70
26    <uses-permission android:name="android.permission.INTERNET" />
26-->[:unityLibrary] AndroidManifest.xml:17:5-67
26-->[:unityLibrary] AndroidManifest.xml:17:22-64
27    <uses-permission android:name="android.permission.CAMERA" />
27-->[:unityLibrary] AndroidManifest.xml:18:5-65
27-->[:unityLibrary] AndroidManifest.xml:18:22-62
28    <uses-permission android:name="android.permission.RECORD_AUDIO" />
28-->[:unityLibrary] AndroidManifest.xml:19:5-71
28-->[:unityLibrary] AndroidManifest.xml:19:22-68
29    <uses-permission android:name="android.permission.MODIFY_AUDIO_SETTINGS" />
29-->[:unityLibrary] AndroidManifest.xml:20:5-80
29-->[:unityLibrary] AndroidManifest.xml:20:22-77
30    <uses-permission android:name="android.permission.BLUETOOTH" />
30-->[:unityLibrary] AndroidManifest.xml:21:5-68
30-->[:unityLibrary] AndroidManifest.xml:21:22-65
31
32    <uses-feature android:glEsVersion="0x00030000" />
32-->[:unityLibrary] AndroidManifest.xml:23:5-54
32-->[:unityLibrary] AndroidManifest.xml:23:19-51
33    <uses-feature
33-->[:unityLibrary] AndroidManifest.xml:24:5-26:36
34        android:name="android.hardware.vulkan.version"
34-->[:unityLibrary] AndroidManifest.xml:25:9-55
35        android:required="false" />
35-->[:unityLibrary] AndroidManifest.xml:26:9-33
36    <uses-feature
36-->[:unityLibrary] AndroidManifest.xml:27:5-29:36
37        android:name="android.hardware.camera"
37-->[:unityLibrary] AndroidManifest.xml:28:9-47
38        android:required="false" />
38-->[:unityLibrary] AndroidManifest.xml:29:9-33
39    <uses-feature
39-->[:unityLibrary] AndroidManifest.xml:30:5-32:36
40        android:name="android.hardware.camera.autofocus"
40-->[:unityLibrary] AndroidManifest.xml:31:9-57
41        android:required="false" />
41-->[:unityLibrary] AndroidManifest.xml:32:9-33
42    <uses-feature
42-->[:unityLibrary] AndroidManifest.xml:33:5-35:36
43        android:name="android.hardware.camera.front"
43-->[:unityLibrary] AndroidManifest.xml:34:9-53
44        android:required="false" />
44-->[:unityLibrary] AndroidManifest.xml:35:9-33
45    <uses-feature
45-->[:unityLibrary] AndroidManifest.xml:36:5-38:36
46        android:name="android.hardware.microphone"
46-->[:unityLibrary] AndroidManifest.xml:37:9-51
47        android:required="false" />
47-->[:unityLibrary] AndroidManifest.xml:38:9-33
48    <uses-feature
48-->[:unityLibrary] AndroidManifest.xml:39:5-41:36
49        android:name="android.hardware.touchscreen"
49-->[:unityLibrary] AndroidManifest.xml:40:9-52
50        android:required="false" />
50-->[:unityLibrary] AndroidManifest.xml:41:9-33
51    <uses-feature
51-->[:unityLibrary] AndroidManifest.xml:42:5-44:36
52        android:name="android.hardware.touchscreen.multitouch"
52-->[:unityLibrary] AndroidManifest.xml:43:9-63
53        android:required="false" />
53-->[:unityLibrary] AndroidManifest.xml:44:9-33
54    <uses-feature
54-->[:unityLibrary] AndroidManifest.xml:45:5-47:36
55        android:name="android.hardware.touchscreen.multitouch.distinct"
55-->[:unityLibrary] AndroidManifest.xml:46:9-72
56        android:required="false" />
56-->[:unityLibrary] AndroidManifest.xml:47:9-33
57
58    <uses-permission android:name="android.permission.ACCESS_NETWORK_STATE" />
58-->[:gpm-webview:] AndroidManifest.xml:12:5-79
58-->[:gpm-webview:] AndroidManifest.xml:12:22-76
59
60    <permission
60-->[androidx.core:core:1.13.1] AndroidManifest.xml:22:5-24:47
61        android:name="com.Duytan.P2A.DYNAMIC_RECEIVER_NOT_EXPORTED_PERMISSION"
61-->[androidx.core:core:1.13.1] AndroidManifest.xml:23:9-81
62        android:protectionLevel="signature" />
62-->[androidx.core:core:1.13.1] AndroidManifest.xml:24:9-44
63
64    <uses-permission android:name="com.Duytan.P2A.DYNAMIC_RECEIVER_NOT_EXPORTED_PERMISSION" />
64-->[androidx.core:core:1.13.1] AndroidManifest.xml:26:5-97
64-->[androidx.core:core:1.13.1] AndroidManifest.xml:26:22-94
65
66    <application
66-->src\main\AndroidManifest.xml:3:3-83
67        android:appComponentFactory="androidx.core.app.CoreComponentFactory"
67-->[androidx.core:core:1.13.1] AndroidManifest.xml:28:18-86
68        android:debuggable="true"
69        android:extractNativeLibs="true"
69-->[:unityLibrary] AndroidManifest.xml:49:18-50
70        android:icon="@mipmap/app_icon"
70-->src\main\AndroidManifest.xml:3:49-80
71        android:label="@string/app_name"
71-->src\main\AndroidManifest.xml:3:16-48
72        android:testOnly="true" >
73        <meta-data
73-->[:unityLibrary] AndroidManifest.xml:50:9-52:33
74            android:name="unity.splash-mode"
74-->[:unityLibrary] AndroidManifest.xml:51:13-45
75            android:value="0" />
75-->[:unityLibrary] AndroidManifest.xml:52:13-30
76        <meta-data
76-->[:unityLibrary] AndroidManifest.xml:53:9-55:36
77            android:name="unity.splash-enable"
77-->[:unityLibrary] AndroidManifest.xml:54:13-47
78            android:value="True" />
78-->[:unityLibrary] AndroidManifest.xml:55:13-33
79        <meta-data
79-->[:unityLibrary] AndroidManifest.xml:56:9-58:36
80            android:name="unity.launch-fullscreen"
80-->[:unityLibrary] AndroidManifest.xml:57:13-51
81            android:value="True" />
81-->[:unityLibrary] AndroidManifest.xml:58:13-33
82        <meta-data
82-->[:unityLibrary] AndroidManifest.xml:59:9-61:37
83            android:name="unity.allow-resizable-window"
83-->[:unityLibrary] AndroidManifest.xml:60:13-56
84            android:value="False" />
84-->[:unityLibrary] AndroidManifest.xml:61:13-34
85        <meta-data
85-->[:unityLibrary] AndroidManifest.xml:62:9-64:50
86            android:name="notch.config"
86-->[:unityLibrary] AndroidManifest.xml:63:13-40
87            android:value="portrait|landscape" />
87-->[:unityLibrary] AndroidManifest.xml:64:13-47
88        <meta-data
88-->[:unityLibrary] AndroidManifest.xml:65:9-67:36
89            android:name="unity.auto-report-fully-drawn"
89-->[:unityLibrary] AndroidManifest.xml:66:13-57
90            android:value="true" />
90-->[:unityLibrary] AndroidManifest.xml:67:13-33
91
92        <activity
92-->[:unityLibrary] AndroidManifest.xml:69:9-90:20
93            android:name="com.unity3d.player.UnityPlayerActivity"
93-->[:unityLibrary] AndroidManifest.xml:70:13-66
94            android:configChanges="mcc|mnc|locale|touchscreen|keyboard|keyboardHidden|navigation|orientation|screenLayout|uiMode|screenSize|smallestScreenSize|fontScale|layoutDirection|density"
94-->[:unityLibrary] AndroidManifest.xml:71:13-194
95            android:exported="true"
95-->[:unityLibrary] AndroidManifest.xml:72:13-36
96            android:hardwareAccelerated="true"
96-->[:unityLibrary] AndroidManifest.xml:73:13-47
97            android:launchMode="singleTask"
97-->[:unityLibrary] AndroidManifest.xml:74:13-44
98            android:resizeableActivity="false"
98-->[:unityLibrary] AndroidManifest.xml:75:13-47
99            android:screenOrientation="fullUser"
99-->[:unityLibrary] AndroidManifest.xml:76:13-49
100            android:theme="@style/UnityThemeSelector" >
100-->[:unityLibrary] AndroidManifest.xml:77:13-54
101            <intent-filter>
101-->[:unityLibrary] AndroidManifest.xml:78:13-82:29
102                <category android:name="android.intent.category.LAUNCHER" />
102-->[:unityLibrary] AndroidManifest.xml:79:17-77
102-->[:unityLibrary] AndroidManifest.xml:79:27-74
103
104                <action android:name="android.intent.action.MAIN" />
104-->[:unityLibrary] AndroidManifest.xml:81:17-69
104-->[:unityLibrary] AndroidManifest.xml:81:25-66
105            </intent-filter>
106
107            <meta-data
107-->[:unityLibrary] AndroidManifest.xml:84:13-86:40
108                android:name="unityplayer.UnityActivity"
108-->[:unityLibrary] AndroidManifest.xml:85:17-57
109                android:value="true" />
109-->[:unityLibrary] AndroidManifest.xml:86:17-37
110            <meta-data
110-->[:unityLibrary] AndroidManifest.xml:87:13-89:40
111                android:name="notch_support"
111-->[:unityLibrary] AndroidManifest.xml:88:17-45
112                android:value="true" />
112-->[:unityLibrary] AndroidManifest.xml:89:17-37
113        </activity>
114
115        <provider
115-->[androidx.profileinstaller:profileinstaller:1.3.0] AndroidManifest.xml:24:9-32:20
116            android:name="androidx.startup.InitializationProvider"
116-->[androidx.profileinstaller:profileinstaller:1.3.0] AndroidManifest.xml:25:13-67
117            android:authorities="com.Duytan.P2A.androidx-startup"
117-->[androidx.profileinstaller:profileinstaller:1.3.0] AndroidManifest.xml:26:13-68
118            android:exported="false" >
118-->[androidx.profileinstaller:profileinstaller:1.3.0] AndroidManifest.xml:27:13-37
119            <meta-data
119-->[androidx.profileinstaller:profileinstaller:1.3.0] AndroidManifest.xml:29:13-31:52
120                android:name="androidx.profileinstaller.ProfileInstallerInitializer"
120-->[androidx.profileinstaller:profileinstaller:1.3.0] AndroidManifest.xml:30:17-85
121                android:value="androidx.startup" />
121-->[androidx.profileinstaller:profileinstaller:1.3.0] AndroidManifest.xml:31:17-49
122        </provider>
123
124        <receiver
124-->[androidx.profileinstaller:profileinstaller:1.3.0] AndroidManifest.xml:34:9-52:20
125            android:name="androidx.profileinstaller.ProfileInstallReceiver"
125-->[androidx.profileinstaller:profileinstaller:1.3.0] AndroidManifest.xml:35:13-76
126            android:directBootAware="false"
126-->[androidx.profileinstaller:profileinstaller:1.3.0] AndroidManifest.xml:36:13-44
127            android:enabled="true"
127-->[androidx.profileinstaller:profileinstaller:1.3.0] AndroidManifest.xml:37:13-35
128            android:exported="true"
128-->[androidx.profileinstaller:profileinstaller:1.3.0] AndroidManifest.xml:38:13-36
129            android:permission="android.permission.DUMP" >
129-->[androidx.profileinstaller:profileinstaller:1.3.0] AndroidManifest.xml:39:13-57
130            <intent-filter>
130-->[androidx.profileinstaller:profileinstaller:1.3.0] AndroidManifest.xml:40:13-42:29
131                <action android:name="androidx.profileinstaller.action.INSTALL_PROFILE" />
131-->[androidx.profileinstaller:profileinstaller:1.3.0] AndroidManifest.xml:41:17-91
131-->[androidx.profileinstaller:profileinstaller:1.3.0] AndroidManifest.xml:41:25-88
132            </intent-filter>
133            <intent-filter>
133-->[androidx.profileinstaller:profileinstaller:1.3.0] AndroidManifest.xml:43:13-45:29
134                <action android:name="androidx.profileinstaller.action.SKIP_FILE" />
134-->[androidx.profileinstaller:profileinstaller:1.3.0] AndroidManifest.xml:44:17-85
134-->[androidx.profileinstaller:profileinstaller:1.3.0] AndroidManifest.xml:44:25-82
135            </intent-filter>
136            <intent-filter>
136-->[androidx.profileinstaller:profileinstaller:1.3.0] AndroidManifest.xml:46:13-48:29
137                <action android:name="androidx.profileinstaller.action.SAVE_PROFILE" />
137-->[androidx.profileinstaller:profileinstaller:1.3.0] AndroidManifest.xml:47:17-88
137-->[androidx.profileinstaller:profileinstaller:1.3.0] AndroidManifest.xml:47:25-85
138            </intent-filter>
139            <intent-filter>
139-->[androidx.profileinstaller:profileinstaller:1.3.0] AndroidManifest.xml:49:13-51:29
140                <action android:name="androidx.profileinstaller.action.BENCHMARK_OPERATION" />
140-->[androidx.profileinstaller:profileinstaller:1.3.0] AndroidManifest.xml:50:17-95
140-->[androidx.profileinstaller:profileinstaller:1.3.0] AndroidManifest.xml:50:25-92
141            </intent-filter>
142        </receiver>
143    </application>
144
145</manifest>